{"tag": "function", "depth": 1, "time": 1605844853.4648128, "data": {"name": "\u6dfb\u52a0\u65e5\u5fd7", "call_args": {"text": "\u6d4b\u8bd5\u7248\u672c\uff1a\u5c11\u4e092\uff1b\u4f7f\u7528\u8bbe\u5907\uff1a8d98aad7"}}}
{"tag": "function", "depth": 1, "time": 1605844853.92766, "data": {"name": "\u6dfb\u52a0\u65e5\u5fd7", "call_args": {"text": "\u89d2\u8272\u521b\u5efa\u6210\u529f\uff0c\u8d26\u53f7\uff1a03464812\uff0c\u533a\u670did\uff1a1652440002\uff0c\u89d2\u8272\u540d\uff1a03464812\uff0cUID\uff1a206158444366"}}}
{"tag": "function", "depth": 1, "time": 1605844854.231762, "data": {"name": "\u6dfb\u52a0\u65e5\u5fd7", "call_args": {"text": "206158444366\u6dfb\u52a0\u9053\u5177dict_keys(['\u89d2\u8272\u7ecf\u9a8c', '\u4f53\u529b\u4e39', '\u8fdb\u9636\u77f3', '\u57f9\u517b\u4e39'])\u6210\u529f"}}}
{"tag": "function", "depth": 1, "time": 1605844854.3414702, "data": {"name": "\u6dfb\u52a0\u65e5\u5fd7", "call_args": {"text": "\u8bbe\u7f6e\u5173\u5361\u6570\u6210\u529f"}}}
{"tag": "function", "depth": 1, "time": 1605844854.425249, "data": {"name": "\u6dfb\u52a0\u65e5\u5fd7", "call_args": {"text": "206158444366\u6dfb\u52a0\u9053\u5177dict_keys(['\u8d35\u65cf\u7ecf\u9a8c'])\u6210\u529f"}}}
{"tag": "function", "depth": 1, "time": 1605844860.2875795, "data": {"name": "home", "call_args": {}, "start_time": 1605844859.7370512, "ret": null, "end_time": 1605844860.2875795}}
{"tag": "function", "depth": 2, "time": 1605844867.350713, "data": {"name": "try_log_screen", "call_args": {"quality": 10, "max_size": null, "screen": null}, "start_time": 1605844860.2875795, "traceback": "Traceback (most recent call last):\n  File \"C:\\Program Files (x86)\\Python37-32\\lib\\site-packages\\airtest\\utils\\logwraper.py\", line 84, in wrapper\n    res = f(*args, **kwargs)\n  File \"C:\\Program Files (x86)\\Python37-32\\lib\\site-packages\\airtest\\core\\cv.py\", line 103, in try_log_screen\n    screen = G.DEVICE.snapshot(quality=quality)\n  File \"C:\\Program Files (x86)\\Python37-32\\lib\\site-packages\\airtest\\core\\android\\android.py\", line 260, in snapshot\n    screen = self.minicap.get_frame_from_stream()\n  File \"C:\\Program Files (x86)\\Python37-32\\lib\\site-packages\\airtest\\core\\android\\minicap.py\", line 24, in wrapper\n    return func(inst, *args, **kwargs)\n  File \"C:\\Program Files (x86)\\Python37-32\\lib\\site-packages\\airtest\\core\\android\\minicap.py\", line 357, in get_frame_from_stream\n    self.frame_gen = self.get_stream()\n  File \"C:\\Program Files (x86)\\Python37-32\\lib\\site-packages\\airtest\\utils\\snippet.py\", line 107, in ready_func\n    return func(inst, *args, **kwargs)\n  File \"C:\\Program Files (x86)\\Python37-32\\lib\\site-packages\\airtest\\core\\android\\minicap.py\", line 245, in get_stream\n    stopped = next(gen)\n  File \"C:\\Program Files (x86)\\Python37-32\\lib\\site-packages\\airtest\\core\\android\\minicap.py\", line 259, in _get_stream\n    proc, nbsp, localport = self._setup_stream_server(lazy=lazy)\n  File \"C:\\Program Files (x86)\\Python37-32\\lib\\site-packages\\airtest\\core\\android\\minicap.py\", line 330, in _setup_stream_server\n    raise RuntimeError(\"minicap server setup timeout\")\nRuntimeError: minicap server setup timeout\n", "end_time": 1605844867.350713}}
{"tag": "function", "depth": 1, "time": 1605844867.353705, "data": {"name": "snapshot", "call_args": {"filename": null, "msg": "", "quality": null, "max_size": null}, "start_time": 1605844860.2875795, "traceback": "Traceback (most recent call last):\n  File \"C:\\Program Files (x86)\\Python37-32\\lib\\site-packages\\airtest\\utils\\logwraper.py\", line 84, in wrapper\n    res = f(*args, **kwargs)\n  File \"C:\\Program Files (x86)\\Python37-32\\lib\\site-packages\\airtest\\core\\api.py\", line 222, in snapshot\n    return try_log_screen(quality=quality, max_size=max_size)\n  File \"C:\\Program Files (x86)\\Python37-32\\lib\\site-packages\\airtest\\utils\\logwraper.py\", line 84, in wrapper\n    res = f(*args, **kwargs)\n  File \"C:\\Program Files (x86)\\Python37-32\\lib\\site-packages\\airtest\\core\\cv.py\", line 103, in try_log_screen\n    screen = G.DEVICE.snapshot(quality=quality)\n  File \"C:\\Program Files (x86)\\Python37-32\\lib\\site-packages\\airtest\\core\\android\\android.py\", line 260, in snapshot\n    screen = self.minicap.get_frame_from_stream()\n  File \"C:\\Program Files (x86)\\Python37-32\\lib\\site-packages\\airtest\\core\\android\\minicap.py\", line 24, in wrapper\n    return func(inst, *args, **kwargs)\n  File \"C:\\Program Files (x86)\\Python37-32\\lib\\site-packages\\airtest\\core\\android\\minicap.py\", line 357, in get_frame_from_stream\n    self.frame_gen = self.get_stream()\n  File \"C:\\Program Files (x86)\\Python37-32\\lib\\site-packages\\airtest\\utils\\snippet.py\", line 107, in ready_func\n    return func(inst, *args, **kwargs)\n  File \"C:\\Program Files (x86)\\Python37-32\\lib\\site-packages\\airtest\\core\\android\\minicap.py\", line 245, in get_stream\n    stopped = next(gen)\n  File \"C:\\Program Files (x86)\\Python37-32\\lib\\site-packages\\airtest\\core\\android\\minicap.py\", line 259, in _get_stream\n    proc, nbsp, localport = self._setup_stream_server(lazy=lazy)\n  File \"C:\\Program Files (x86)\\Python37-32\\lib\\site-packages\\airtest\\core\\android\\minicap.py\", line 330, in _setup_stream_server\n    raise RuntimeError(\"minicap server setup timeout\")\nRuntimeError: minicap server setup timeout\n", "end_time": 1605844867.353705}}
{"tag": "function", "depth": 2, "time": 1605844872.9088829, "data": {"name": "try_log_screen", "call_args": {"screen": null, "quality": null, "max_size": null}, "start_time": 1605844867.3546946, "traceback": "Traceback (most recent call last):\n  File \"C:\\Program Files (x86)\\Python37-32\\lib\\site-packages\\airtest\\cli\\runner.py\", line 70, in runTest\n    exec(compile(code.encode(\"utf-8\"), pyfilepath, 'exec'), self.scope)\n  File \"D:\\uitest\\RobotizationTest\\com\\Tools\\ss2_baoguo_p0.air\\ss2_baoguo_p0.py\", line 33, in <module>\n    my_poco.open_game(sever_name, account)\n  File \"C:\\Program Files (x86)\\Python37-32\\lib\\site-packages\\MyPoco\\my_poco.py\", line 390, in open_game\n    entry.entry_game(sever_name_input, game_account_input, password)\n  File \"C:\\Program Files (x86)\\Python37-32\\lib\\site-packages\\MyPoco\\game_support\\entry_game.py\", line 32, in entry_game\n    egss2.entry_game_ss2(sever_name_input, game_account_input)\n  File \"C:\\Program Files (x86)\\Python37-32\\lib\\site-packages\\MyPoco\\game_support\\entry_game_ss2.py\", line 49, in entry_game_ss2\n    snapshot()\n  File \"C:\\Program Files (x86)\\Python37-32\\lib\\site-packages\\airtest\\utils\\logwraper.py\", line 84, in wrapper\n    res = f(*args, **kwargs)\n  File \"C:\\Program Files (x86)\\Python37-32\\lib\\site-packages\\airtest\\core\\api.py\", line 222, in snapshot\n    return try_log_screen(quality=quality, max_size=max_size)\n  File \"C:\\Program Files (x86)\\Python37-32\\lib\\site-packages\\airtest\\utils\\logwraper.py\", line 84, in wrapper\n    res = f(*args, **kwargs)\n  File \"C:\\Program Files (x86)\\Python37-32\\lib\\site-packages\\airtest\\core\\cv.py\", line 103, in try_log_screen\n    screen = G.DEVICE.snapshot(quality=quality)\n  File \"C:\\Program Files (x86)\\Python37-32\\lib\\site-packages\\airtest\\core\\android\\android.py\", line 260, in snapshot\n    screen = self.minicap.get_frame_from_stream()\n  File \"C:\\Program Files (x86)\\Python37-32\\lib\\site-packages\\airtest\\core\\android\\minicap.py\", line 24, in wrapper\n    return func(inst, *args, **kwargs)\n  File \"C:\\Program Files (x86)\\Python37-32\\lib\\site-packages\\airtest\\core\\android\\minicap.py\", line 357, in get_frame_from_stream\n    self.frame_gen = self.get_stream()\n  File \"C:\\Program Files (x86)\\Python37-32\\lib\\site-packages\\airtest\\utils\\snippet.py\", line 107, in ready_func\n    return func(inst, *args, **kwargs)\n  File \"C:\\Program Files (x86)\\Python37-32\\lib\\site-packages\\airtest\\core\\android\\minicap.py\", line 245, in get_stream\n    stopped = next(gen)\n  File \"C:\\Program Files (x86)\\Python37-32\\lib\\site-packages\\airtest\\core\\android\\minicap.py\", line 259, in _get_stream\n    proc, nbsp, localport = self._setup_stream_server(lazy=lazy)\n  File \"C:\\Program Files (x86)\\Python37-32\\lib\\site-packages\\airtest\\core\\android\\minicap.py\", line 330, in _setup_stream_server\n    raise RuntimeError(\"minicap server setup timeout\")\nRuntimeError: minicap server setup timeout\n\nDuring handling of the above exception, another exception occurred:\n\nTraceback (most recent call last):\n  File \"C:\\Program Files (x86)\\Python37-32\\lib\\site-packages\\airtest\\utils\\logwraper.py\", line 84, in wrapper\n    res = f(*args, **kwargs)\n  File \"C:\\Program Files (x86)\\Python37-32\\lib\\site-packages\\airtest\\core\\cv.py\", line 103, in try_log_screen\n    screen = G.DEVICE.snapshot(quality=quality)\n  File \"C:\\Program Files (x86)\\Python37-32\\lib\\site-packages\\airtest\\core\\android\\android.py\", line 260, in snapshot\n    screen = self.minicap.get_frame_from_stream()\n  File \"C:\\Program Files (x86)\\Python37-32\\lib\\site-packages\\airtest\\core\\android\\minicap.py\", line 24, in wrapper\n    return func(inst, *args, **kwargs)\n  File \"C:\\Program Files (x86)\\Python37-32\\lib\\site-packages\\airtest\\core\\android\\minicap.py\", line 357, in get_frame_from_stream\n    self.frame_gen = self.get_stream()\n  File \"C:\\Program Files (x86)\\Python37-32\\lib\\site-packages\\airtest\\utils\\snippet.py\", line 107, in ready_func\n    return func(inst, *args, **kwargs)\n  File \"C:\\Program Files (x86)\\Python37-32\\lib\\site-packages\\airtest\\core\\android\\minicap.py\", line 245, in get_stream\n    stopped = next(gen)\n  File \"C:\\Program Files (x86)\\Python37-32\\lib\\site-packages\\airtest\\core\\android\\minicap.py\", line 259, in _get_stream\n    proc, nbsp, localport = self._setup_stream_server(lazy=lazy)\n  File \"C:\\Program Files (x86)\\Python37-32\\lib\\site-packages\\airtest\\core\\android\\minicap.py\", line 330, in _setup_stream_server\n    raise RuntimeError(\"minicap server setup timeout\")\nRuntimeError: minicap server setup timeout\n", "end_time": 1605844872.9088829}}
